[debug] [2025-01-24T11:48:50.830Z] ----------------------------------------------------------------------
[debug] [2025-01-24T11:48:50.835Z] Command:       C:\Program Files\nodejs\node.exe C:\Users\kapil\AppData\Roaming\npm\node_modules\firebase-tools\lib\bin\firebase.js init
[debug] [2025-01-24T11:48:50.835Z] CLI Version:   13.29.2
[debug] [2025-01-24T11:48:50.836Z] Platform:      win32
[debug] [2025-01-24T11:48:50.836Z] Node Version:  v20.16.0
[debug] [2025-01-24T11:48:50.836Z] Time:          Fri Jan 24 2025 17:18:50 GMT+0530 (India Standard Time)
[debug] [2025-01-24T11:48:50.837Z] ----------------------------------------------------------------------
[debug] 
[debug] [2025-01-24T11:48:51.225Z] > command requires scopes: ["email","openid","https://www.googleapis.com/auth/cloudplatformprojects.readonly","https://www.googleapis.com/auth/firebase","https://www.googleapis.com/auth/cloud-platform"]
[debug] [2025-01-24T11:48:51.226Z] > authorizing via signed-in user (kapilank233@gmail.com)
[info] 
     ######## #### ########  ######## ########     ###     ######  ########
     ##        ##  ##     ## ##       ##     ##  ##   ##  ##       ##
     ######    ##  ########  ######   ########  #########  ######  ######
     ##        ##  ##    ##  ##       ##     ## ##     ##       ## ##
     ##       #### ##     ## ######## ########  ##     ##  ######  ########

You're about to initialize a Firebase project in this directory:

  C:\Users\kapil\OneDrive\Desktop\student\student-management

Before we get started, keep in mind:

  * You are initializing within an existing Firebase project directory

[info] 
=== Project Setup
[info] 
[info] First, let's associate this project directory with a Firebase project.
[info] You can create multiple project aliases by running firebase use --add, 
[info] but for now we'll just set up a default project.
[info] 
[debug] [2025-01-24T11:49:38.222Z] Using project from CLI flag: student-d9922
[debug] [2025-01-24T11:49:38.224Z] Checked if tokens are valid: true, expires at: 1737721629051
[debug] [2025-01-24T11:49:38.225Z] Checked if tokens are valid: true, expires at: 1737721629051
[debug] [2025-01-24T11:49:38.228Z] >>> [apiv2][query] GET https://firebase.googleapis.com/v1beta1/projects/student-d9922 [none]
[debug] [2025-01-24T11:49:38.893Z] <<< [apiv2][status] GET https://firebase.googleapis.com/v1beta1/projects/student-d9922 200
[debug] [2025-01-24T11:49:38.893Z] <<< [apiv2][body] GET https://firebase.googleapis.com/v1beta1/projects/student-d9922 {"projectId":"student-d9922","projectNumber":"300003398808","displayName":"student","name":"projects/student-d9922","resources":{"hostingSite":"student-d9922","realtimeDatabaseInstance":"student-d9922-default-rtdb"},"state":"ACTIVE","etag":"1_938a5f35-46de-46a9-a6b7-ed5e6136945c"}
[info] i  Using project student-d9922 (student) 
[info] 
=== Firestore Setup
[debug] [2025-01-24T11:49:38.904Z] Checked if tokens are valid: true, expires at: 1737721629051
[debug] [2025-01-24T11:49:38.904Z] Checked if tokens are valid: true, expires at: 1737721629051
[debug] [2025-01-24T11:49:38.905Z] >>> [apiv2][query] GET https://serviceusage.googleapis.com/v1/projects/student-d9922/services/firestore.googleapis.com [none]
[debug] [2025-01-24T11:49:38.905Z] >>> [apiv2][(partial)header] GET https://serviceusage.googleapis.com/v1/projects/student-d9922/services/firestore.googleapis.com x-goog-quota-user=projects/student-d9922
[debug] [2025-01-24T11:49:40.737Z] <<< [apiv2][status] GET https://serviceusage.googleapis.com/v1/projects/student-d9922/services/firestore.googleapis.com 200
[debug] [2025-01-24T11:49:40.737Z] <<< [apiv2][body] GET https://serviceusage.googleapis.com/v1/projects/student-d9922/services/firestore.googleapis.com [omitted]
[debug] [2025-01-24T11:49:40.738Z] Checked if tokens are valid: true, expires at: 1737721629051
[debug] [2025-01-24T11:49:40.738Z] Checked if tokens are valid: true, expires at: 1737721629051
[debug] [2025-01-24T11:49:40.738Z] >>> [apiv2][query] GET https://firestore.googleapis.com/v1/projects/student-d9922/databases/(default) [none]
[debug] [2025-01-24T11:49:42.369Z] <<< [apiv2][status] GET https://firestore.googleapis.com/v1/projects/student-d9922/databases/(default) 200
[debug] [2025-01-24T11:49:42.369Z] <<< [apiv2][body] GET https://firestore.googleapis.com/v1/projects/student-d9922/databases/(default) {"name":"projects/student-d9922/databases/(default)","uid":"59b273c4-023b-4a39-80c0-320b45308960","createTime":"2025-01-24T11:33:27.868497Z","updateTime":"2025-01-24T11:33:27.868497Z","locationId":"nam5","type":"FIRESTORE_NATIVE","concurrencyMode":"PESSIMISTIC","versionRetentionPeriod":"3600s","earliestVersionTime":"2025-01-24T11:33:27.868497Z","appEngineIntegrationMode":"DISABLED","keyPrefix":"s","pointInTimeRecoveryEnablement":"POINT_IN_TIME_RECOVERY_DISABLED","deleteProtectionState":"DELETE_PROTECTION_DISABLED","databaseEdition":"STANDARD","etag":"IK6QopSljosDMMyIsJSijosD"}
[debug] [2025-01-24T11:49:42.370Z] database_type: FIRESTORE_NATIVE
[debug] [2025-01-24T11:49:42.370Z] database_type: FIRESTORE_NATIVE
[debug] [2025-01-24T11:49:42.370Z] > command requires scopes: ["email","openid","https://www.googleapis.com/auth/cloudplatformprojects.readonly","https://www.googleapis.com/auth/firebase","https://www.googleapis.com/auth/cloud-platform"]
[debug] [2025-01-24T11:49:42.371Z] > authorizing via signed-in user (kapilank233@gmail.com)
[debug] [2025-01-24T11:49:42.371Z] [iam] checking project student-d9922 for permissions ["firebase.projects.get"]
[debug] [2025-01-24T11:49:42.371Z] Checked if tokens are valid: true, expires at: 1737721629051
[debug] [2025-01-24T11:49:42.371Z] Checked if tokens are valid: true, expires at: 1737721629051
[debug] [2025-01-24T11:49:42.372Z] >>> [apiv2][query] POST https://cloudresourcemanager.googleapis.com/v1/projects/student-d9922:testIamPermissions [none]
[debug] [2025-01-24T11:49:42.372Z] >>> [apiv2][(partial)header] POST https://cloudresourcemanager.googleapis.com/v1/projects/student-d9922:testIamPermissions x-goog-quota-user=projects/student-d9922
[debug] [2025-01-24T11:49:42.372Z] >>> [apiv2][body] POST https://cloudresourcemanager.googleapis.com/v1/projects/student-d9922:testIamPermissions {"permissions":["firebase.projects.get"]}
[debug] [2025-01-24T11:49:43.761Z] <<< [apiv2][status] POST https://cloudresourcemanager.googleapis.com/v1/projects/student-d9922:testIamPermissions 200
[debug] [2025-01-24T11:49:43.761Z] <<< [apiv2][body] POST https://cloudresourcemanager.googleapis.com/v1/projects/student-d9922:testIamPermissions {"permissions":["firebase.projects.get"]}
[info] 
[info] Firestore Security Rules allow you to define how and when to allow
[info] requests. You can keep these rules in your project directory
[info] and publish them with firebase deploy.
[info] 
[info] 
[info] Firestore indexes allow you to perform complex queries while
[info] maintaining performance that scales with the size of the result
[info] set. You can keep index definitions in your project directory
[info] and publish them with firebase deploy.
[info] 
[debug] [2025-01-24T11:49:52.498Z] Checked if tokens are valid: true, expires at: 1737721629051
[debug] [2025-01-24T11:49:52.499Z] Checked if tokens are valid: true, expires at: 1737721629051
[debug] [2025-01-24T11:49:52.499Z] Checked if tokens are valid: true, expires at: 1737721629051
[debug] [2025-01-24T11:49:52.499Z] Checked if tokens are valid: true, expires at: 1737721629051
[debug] [2025-01-24T11:49:52.500Z] >>> [apiv2][query] GET https://firestore.googleapis.com/v1/projects/student-d9922/databases/(default)/collectionGroups/-/indexes [none]
[debug] [2025-01-24T11:49:52.503Z] >>> [apiv2][query] GET https://firestore.googleapis.com/v1/projects/student-d9922/databases/(default)/collectionGroups/-/fields?filter=indexConfig.usesAncestorConfig=false OR ttlConfig:* [none]
[debug] [2025-01-24T11:49:54.153Z] <<< [apiv2][status] GET https://firestore.googleapis.com/v1/projects/student-d9922/databases/(default)/collectionGroups/-/indexes 200
[debug] [2025-01-24T11:49:54.153Z] <<< [apiv2][body] GET https://firestore.googleapis.com/v1/projects/student-d9922/databases/(default)/collectionGroups/-/indexes {}
[debug] [2025-01-24T11:49:54.154Z] <<< [apiv2][status] GET https://firestore.googleapis.com/v1/projects/student-d9922/databases/(default)/collectionGroups/-/fields?filter=indexConfig.usesAncestorConfig=false OR ttlConfig:* 200
[debug] [2025-01-24T11:49:54.154Z] <<< [apiv2][body] GET https://firestore.googleapis.com/v1/projects/student-d9922/databases/(default)/collectionGroups/-/fields?filter=indexConfig.usesAncestorConfig=false OR ttlConfig:* {"fields":[{"name":"projects/student-d9922/databases/(default)/collectionGroups/__default__/fields/*","indexConfig":{"indexes":[{"queryScope":"COLLECTION","fields":[{"fieldPath":"*","order":"ASCENDING"}],"state":"READY"},{"queryScope":"COLLECTION","fields":[{"fieldPath":"*","order":"DESCENDING"}],"state":"READY"},{"queryScope":"COLLECTION","fields":[{"fieldPath":"*","arrayConfig":"CONTAINS"}],"state":"READY"}]}}]}
[info] 
=== Hosting Setup
[debug] [2025-01-24T11:49:54.159Z] Checked if tokens are valid: true, expires at: 1737721629051
[debug] [2025-01-24T11:49:54.159Z] Checked if tokens are valid: true, expires at: 1737721629051
[debug] [2025-01-24T11:49:54.159Z] >>> [apiv2][query] GET https://firebase.googleapis.com/v1beta1/projects/student-d9922 [none]
[debug] [2025-01-24T11:49:54.529Z] <<< [apiv2][status] GET https://firebase.googleapis.com/v1beta1/projects/student-d9922 200
[debug] [2025-01-24T11:49:54.530Z] <<< [apiv2][body] GET https://firebase.googleapis.com/v1beta1/projects/student-d9922 {"projectId":"student-d9922","projectNumber":"300003398808","displayName":"student","name":"projects/student-d9922","resources":{"hostingSite":"student-d9922","realtimeDatabaseInstance":"student-d9922-default-rtdb"},"state":"ACTIVE","etag":"1_938a5f35-46de-46a9-a6b7-ed5e6136945c"}
[info] 
[info] Your public directory is the folder (relative to your project directory) that
[info] will contain Hosting assets to be uploaded with firebase deploy. If you
[info] have a build process for your assets, use your build's output directory.
[info] 
[debug] [2025-01-24T11:49:59.972Z] >>> [apiv2][query] GET https://www.gstatic.com/firebasejs/releases.json [none]
[debug] [2025-01-24T11:50:00.092Z] <<< [apiv2][status] GET https://www.gstatic.com/firebasejs/releases.json 200
[debug] [2025-01-24T11:50:00.092Z] <<< [apiv2][body] GET https://www.gstatic.com/firebasejs/releases.json {"current":{"version":"11.2.0","browserURL":"https://www.gstatic.com/firebasejs/11.2.0/firebase.js","packageURL":"https://www.gstatic.com/firebasejs/11.2.0/firebase.tgz"},"live":{"version":"11.2","browserURL":"https://www.gstatic.com/firebasejs/live/11.2/firebase.js","packageURL":"https://www.gstatic.com/firebasejs/live/11.2/firebase.tgz"},"components":{"analytics":"https://www.gstatic.com/firebasejs/11.2.0/firebase-analytics.js","app":"https://www.gstatic.com/firebasejs/11.2.0/firebase-app.js","app-check":"https://www.gstatic.com/firebasejs/11.2.0/firebase-app-check.js","auth":"https://www.gstatic.com/firebasejs/11.2.0/firebase-auth.js","auth/cordova":"https://www.gstatic.com/firebasejs/11.2.0/firebase-auth/cordova.js","auth/web-extension":"https://www.gstatic.com/firebasejs/11.2.0/firebase-auth/web-extension.js","functions":"https://www.gstatic.com/firebasejs/11.2.0/firebase-functions.js","firestore":"https://www.gstatic.com/firebasejs/11.2.0/firebase-firestore.js","firestore/lite":"https://www.gstatic.com/firebasejs/11.2.0/firebase-firestore/lite.js","installations":"https://www.gstatic.com/firebasejs/11.2.0/firebase-installations.js","storage":"https://www.gstatic.com/firebasejs/11.2.0/firebase-storage.js","performance":"https://www.gstatic.com/firebasejs/11.2.0/firebase-performance.js","remote-config":"https://www.gstatic.com/firebasejs/11.2.0/firebase-remote-config.js","messaging":"https://www.gstatic.com/firebasejs/11.2.0/firebase-messaging.js","messaging/sw":"https://www.gstatic.com/firebasejs/11.2.0/firebase-messaging/sw.js","database":"https://www.gstatic.com/firebasejs/11.2.0/firebase-database.js","vertexai":"https://www.gstatic.com/firebasejs/11.2.0/firebase-vertexai.js","data-connect":"https://www.gstatic.com/firebasejs/11.2.0/firebase-data-connect.js","firestore.memory":"https://www.gstatic.com/firebasejs/11.2.0/firebase-firestore.memory.js"}}
[info] +  Wrote y/index.html 
[info] 
[info] i  Detected a .git folder at C:\Users\kapil\OneDrive\Desktop\student\student-management 
[info] i  Authorizing with GitHub to upload your service account to a GitHub repository's secrets store. 
[info] 
[info] Visit this URL on this device to log in:
[info] https://github.com/login/oauth/authorize?client_id=89cf50f02ac6aaed3484&state=196492092&redirect_uri=http%3A%2F%2Flocalhost%3A9005&scope=read%3Auser%20repo%20public_repo
[info] 
[info] Waiting for authentication...
